This is pdfTeXk, Version 3.141592-1.40.3 (Web2C 7.5.6) (format=pdflatex 2008.5.6)  7 SEP 2008 12:05
entering extended mode
 %&-line parsing enabled.
**a1135461.tex
(./a1135461.tex
LaTeX2e <2005/12/01>
Babel <v3.8h> and hyphenation patterns for english, usenglishmax, dumylang, noh
yphenation, loaded.
(/usr/share/texmf-texlive/tex/latex/base/article.cls
Document Class: article 2005/09/16 v1.4f Standard LaTeX document class
(/usr/share/texmf-texlive/tex/latex/base/size10.clo
File: size10.clo 2005/09/16 v1.4f Standard LaTeX file (size option)
)
\c@part=\count79
\c@section=\count80
\c@subsection=\count81
\c@subsubsection=\count82
\c@paragraph=\count83
\c@subparagraph=\count84
\c@figure=\count85
\c@table=\count86
\abovecaptionskip=\skip41
\belowcaptionskip=\skip42
\bibindent=\dimen102
)
No file a1135461.aux.
\openout1 = `a1135461.aux'.

LaTeX Font Info:    Checking defaults for OML/cmm/m/it on input line 2.
LaTeX Font Info:    ... okay on input line 2.
LaTeX Font Info:    Checking defaults for T1/cmr/m/n on input line 2.
LaTeX Font Info:    ... okay on input line 2.
LaTeX Font Info:    Checking defaults for OT1/cmr/m/n on input line 2.
LaTeX Font Info:    ... okay on input line 2.
LaTeX Font Info:    Checking defaults for OMS/cmsy/m/n on input line 2.
LaTeX Font Info:    ... okay on input line 2.
LaTeX Font Info:    Checking defaults for OMX/cmex/m/n on input line 2.
LaTeX Font Info:    ... okay on input line 2.
LaTeX Font Info:    Checking defaults for U/cmr/m/n on input line 2.
LaTeX Font Info:    ... okay on input line 2.
LaTeX Font Info:    External font `cmex10' loaded for size
(Font)              <17.28> on input line 7.
LaTeX Font Info:    External font `cmex10' loaded for size
(Font)              <12> on input line 7.
LaTeX Font Info:    Try loading font information for OMS+cmr on input line 17.
(/usr/share/texmf-texlive/tex/latex/base/omscmr.fd
File: omscmr.fd 1999/05/25 v2.5h Standard LaTeX font definitions
)
LaTeX Font Info:    Font shape `OMS/cmr/m/n' in size <10> not available
(Font)              Font shape `OMS/cmsy/m/n' tried instead on input line 17.
 [1{/var/lib/texmf/fonts/map/pdftex/updmap/pdftex.map}

]
Overfull \hbox (35.24995pt too wide) in paragraph at lines 69--70
[]\OT1/cmr/m/n/10 Affected files: \OT1/cmtt/m/n/10 Documents/Reports/Milestone4
/Group[]3/a1135461.1.tex,
 []

[2] [3] (./a1135461.aux) ) 
Here is how much of TeX's memory you used:
 240 strings out of 95086
 2735 string characters out of 1183256
 48944 words of memory out of 1500000
 3490 multiletter control sequences out of 10000+50000
 7208 words of font info for 26 fonts, out of 1200000 for 2000
 28 hyphenation exceptions out of 8191
 23i,4n,19p,680b,266s stack positions out of 5000i,500n,6000p,200000b,5000s
</usr/share/texmf-texlive/fonts/type1/bluesky/cm/cmbx
10.pfb></usr/share/texmf-texlive/fonts/type1/bluesky/cm/cmbx12.pfb></usr/share/
texmf-texlive/fonts/type1/bluesky/cm/cmr10.pfb></usr/share/texmf-texlive/fonts/
type1/bluesky/cm/cmsl10.pfb></usr/share/texmf-texlive/fonts/type1/bluesky/cm/cm
sy10.pfb></usr/share/texmf-texlive/fonts/type1/bluesky/cm/cmtt10.pfb>
Output written on a1135461.pdf (3 pages, 44709 bytes).
PDF statistics:
 36 PDF objects out of 1000 (max. 8388607)
 0 named destinations out of 1000 (max. 131072)
 1 words of extra memory for PDF output out of 10000 (max. 10000000)

